Build started 05/11/2013 4:45:46 μμ.
     1>Project "C:\Users\Maria\Videos\ConsoleApplication8\ConsoleApplication8\ConsoleApplication8.vcxproj" on node 2 (Build target(s)).
     1>ClCompile:
         C:\Program Files (x86)\Microsoft Visual Studio 11.0\VC\bin\CL.exe /c /ZI /nologo /W3 /WX- /Od /Oy- /D WIN32 /D _DEBUG /D _CONSOLE /D _UNICODE /D UNICODE /Gm /EHsc /RTC1 /MDd /GS /fp:precise /Zc:wchar_t /Zc:forScope /Fo"Debug\\" /Fd"Debug\vc110.pdb" /Gd /TC /analyze- /errorReport:prompt Source1.c
         Source1.c
     1>c:\users\maria\videos\consoleapplication8\consoleapplication8\source1.c(116): warning C4244: 'function' : conversion from 'time_t' to 'unsigned int', possible loss of data
     1>c:\users\maria\videos\consoleapplication8\consoleapplication8\source1.c(179): warning C4244: '=' : conversion from 'double' to 'int', possible loss of data
     1>c:\users\maria\videos\consoleapplication8\consoleapplication8\source1.c(194): warning C4244: '=' : conversion from 'double' to 'int', possible loss of data
     1>c:\users\maria\videos\consoleapplication8\consoleapplication8\source1.c(249): warning C4244: '=' : conversion from 'double' to 'int', possible loss of data
     1>c:\users\maria\videos\consoleapplication8\consoleapplication8\source1.c(252): warning C4244: '=' : conversion from 'double' to 'int', possible loss of data
     1>c:\users\maria\videos\consoleapplication8\consoleapplication8\source1.c(253): warning C4244: '=' : conversion from 'double' to 'int', possible loss of data
     1>c:\users\maria\videos\consoleapplication8\consoleapplication8\source1.c(260): warning C4244: 'function' : conversion from 'double' to 'size_t', possible loss of data
     1>c:\users\maria\videos\consoleapplication8\consoleapplication8\source1.c(318): warning C4244: '=' : conversion from 'double' to 'int', possible loss of data
     1>c:\users\maria\videos\consoleapplication8\consoleapplication8\source1.c(347): warning C4244: '=' : conversion from 'double' to 'int', possible loss of data
     1>c:\users\maria\videos\consoleapplication8\consoleapplication8\source1.c(349): warning C4244: '=' : conversion from 'double' to 'int', possible loss of data
     1>c:\users\maria\videos\consoleapplication8\consoleapplication8\source1.c(354): warning C4244: 'function' : conversion from 'double' to 'size_t', possible loss of data
     1>c:\users\maria\videos\consoleapplication8\consoleapplication8\source1.c(398): warning C4244: '=' : conversion from 'double' to 'int', possible loss of data
     1>c:\users\maria\videos\consoleapplication8\consoleapplication8\source1.c(401): warning C4244: '=' : conversion from 'double' to 'int', possible loss of data
     1>c:\users\maria\videos\consoleapplication8\consoleapplication8\source1.c(402): warning C4244: '=' : conversion from 'double' to 'int', possible loss of data
     1>c:\users\maria\videos\consoleapplication8\consoleapplication8\source1.c(409): warning C4244: 'function' : conversion from 'double' to 'size_t', possible loss of data
     1>c:\users\maria\videos\consoleapplication8\consoleapplication8\source1.c(108): warning C4101: 'w' : unreferenced local variable
     1>c:\users\maria\videos\consoleapplication8\consoleapplication8\source1.c(75): warning C4101: 'v' : unreferenced local variable
     1>c:\users\maria\videos\consoleapplication8\consoleapplication8\source1.c(68): warning C4101: 'counter_ram' : unreferenced local variable
     1>c:\users\maria\videos\consoleapplication8\consoleapplication8\source1.c(61): warning C4101: 'diadiko' : unreferenced local variable
     1>c:\users\maria\videos\consoleapplication8\consoleapplication8\source1.c(112): warning C4101: 'Tag_Array' : unreferenced local variable
     1>c:\users\maria\videos\consoleapplication8\consoleapplication8\source1.c(109): warning C4101: 'counter_tag_2' : unreferenced local variable
     1>c:\users\maria\videos\consoleapplication8\consoleapplication8\source1.c(113): warning C4101: 'Index_Array' : unreferenced local variable
     1>c:\users\maria\videos\consoleapplication8\consoleapplication8\source1.c(74): warning C4101: 'm' : unreferenced local variable
       Link:
         C:\Program Files (x86)\Microsoft Visual Studio 11.0\VC\bin\link.exe /ERRORREPORT:PROMPT /OUT:"C:\Users\Maria\Videos\ConsoleApplication8\Debug\ConsoleApplication8.exe" /INCREMENTAL /NOLOGO kernel32.lib user32.lib gdi32.lib winspool.lib comdlg32.lib advapi32.lib shell32.lib ole32.lib oleaut32.lib uuid.lib odbc32.lib odbccp32.lib /MANIFEST /MANIFESTUAC:"level='asInvoker' uiAccess='false'" /manifest:embed /DEBUG /PDB:"C:\Users\Maria\Videos\ConsoleApplication8\Debug\ConsoleApplication8.pdb" /SUBSYSTEM:CONSOLE /TLBID:1 /DYNAMICBASE /NXCOMPAT /IMPLIB:"C:\Users\Maria\Videos\ConsoleApplication8\Debug\ConsoleApplication8.lib" /MACHINE:X86 Debug\ConsoleApplication8.obj
         Debug\Source.obj
         Debug\Source1.obj
         Debug\stdafx.obj
         ConsoleApplication8.vcxproj -> C:\Users\Maria\Videos\ConsoleApplication8\Debug\ConsoleApplication8.exe
     1>Done Building Project "C:\Users\Maria\Videos\ConsoleApplication8\ConsoleApplication8\ConsoleApplication8.vcxproj" (Build target(s)).

Build succeeded.

Time Elapsed 00:00:01.10
